750
8 15 
518 525 
847 894 
915 937 
297 321 
183 242 
392 408 
832 912 
169 204 
454 455 
165 173 
355 373 
815 
622 624 
46 55 
608 630 
344 372 
150 153 
44 67 
885 929 
581 615 
513 617 
543 553 
51 88 
401 402 
833 835 
200 243 
881 932 
231 236 
409 470 
413 415 
475 481 
339 341 
249 262 
661 795 
619 721 
469 471 
977 12 
330 345 
758 769 
155 195 
93 115 
991 993 
424 452 
511 521 
307 318 
612 625 
801 825 
371 388 
368 383 
91 94 
837 861 
664 681 
620 670 
394 410 
130 133 
359 366 
813 817 
129 134 
866 879 
482 537 
952 973 
662 675 
510 607 
838 876 
458 461 
637 660 
485 
745 
773 793 
967 2 
114 162 
20 27 
862 872 
76 95 
145 
768 
703 716 
765 800 
726 770 
108 118 
947 953 
740 751 
160 163 
101 105 
171 226 
40 80 
263 289 
547 566 
808 858 
707 
744 796 
867 
30 32 
137 138 
387 
72 99 
125 
951 
570 
494 544 
407 414 
856 873 
663 
797 814 
47 65 
995 10 
779 
144 147 
36 61 
405 426 
49 52 
314 
146 151 
665 686 
256 386 
251 
684 711 
573 609 
956 988 
930 949 
891 903 
960 982 
789 816 
671 
674 701 
81 
450 
562 571 
522 524 
327 376 
643 653 
714 735 
270 304 
572 583 
588 
273 290 
997 
182 188 
528 534 
443 490 
697 705 
774 810 
18 124 
211 
840 846 
939 
805 857 
484 487 
224 246 
365 382 
530 
940 941 
434 437 
5 
860 
83 
438 447 
422 444 
259 285 
26 31 
799 
234 250 
495 501 
248 257 
156 157 
459 474 
478 492 
950 
889 
266 288 
89 
715 753 
688 
92 
116 128 
911 918 
198 238 
689 695 
199 227 
965 996 
336 350 
897 910 
123 126 
582 585 
704 
529 545 
590 595 
710 759 
254 
599 601 
577 580 
871 882 
934 990 
782 788 
576 
760 794 
45 
974 979 
737 763 
533 
28 
302 
338 353 
913 
96 102 
320 
841 853 
598 600 
202 
244 252 
488 
301 
920 943 
223 271 
196 
818 834 
462 
385 390 
984 6 
666 668 
954 
168 172 
295 395 
614 
7 
286 
78 
717 720 
214 215 
375 465 
651 657 
503 517 
294 
103 
985 999 
337 343 
497 
275 
586 589 
143 218 
241 
329 
504 
728 
928 961 
306 322 
713 
604 
113 
287 
606 
13 
567 
23 
962 
802 
149 
546 
85 119 
828 868 
154 
70 
561 
87 
228 
59 71 
754 
300 
563 579 
957 958 
109 
820 
181 
22 
775 
906 
48 
964 
605 
433 
981 64 
381 
848 
280 331 
187 
550 
217 
127 
0 37 
428 464 
628 709 
261 
472 
919 927 
594 
631 633 
34 
175 185 
806 824 
479 
761 
352 
676 698 
260 
877 
532 
723 
499 
179 
161 206 
963 
4 
880 
922 
729 
746 
131 158 
898 904 
191 237 
357 
201 
466 476 
328 
393 
902 916 
654 
197 
66 82 
771 
560 
216 
468 
502 
623 
845 
712 
908 
391 
19 
896 
638 
706 
836 
277 
423 
756 
899 
890 
493 
632 636 
296 
166 
942 
541 
645 
883 884 
757 
429 
219 
924 
500 
647 
498 535 
384 432 
516 
901 909 
785 
367 
416 
888 
702 
348 
551 
38 
208 
852 
480 
222 
514 
869 
864 
404 
370 
68 69 
736 
316 
57 58 
555 
539 
508 
406 
451 
803 
457 
417 419 
830 
247 
255 
855 
527 542 
564 568 
926 
557 
509 
969 
436 
584 
412 
360 
473 
364 
644 
309 
536 
50 
559 
887 
629 
946 968 
730 
725 
907 
347 
86 117 
548 552 
463 
905 
148 
411 
269 335 
281 
221 253 
313 
531 
106 
732 
750 783 
512 558 
755 
616 
75 
648 
292 
677 
435 
268 
139 
11 
921 
821 
90 
79 84 
467 
194 
777 
812 
994 
193 
923 
439 
792 
21 
203 
627 
849 
679 
819 
9 
731 781 
377 
986 
610 
264 291 
3 
673 683 
111 
456 
900 
418 427 
972 
699 749 
272 
987 
98 
140 
618 634 
635 659 
752 762 
349 
739 
641 
992 
356 
933 
685 700 
389 
507 
190 207 
35 
358 
233 
25 
602 
41 
613 
727 
310 399 
120 
936 
678 
747 
189 
724 
305 
225 
245 
210 
831 
496 523 
549 
945 980 
878 
829 
743 
73 
931 
718 
60 
786 
650 
361 
778 
332 
398 403 
265 
823 
844 
152 180 
603 696 
299 
167 
998 
445 449 
53 54 
378 
159 
578 587 
39 
970 
575 
267 
692 
324 363 
944 
311 
442 
29 
719 
440 
142 
178 
279 
798 892 
97 104 
486 
369 
554 
526 
229 
232 
400 
62 
213 
870 
687 
669 
865 
804 
63 
505 
278 
565 
240 
935 
284 
597 
978 
722 
430 
333 
319 
446 
596 
421 
787 
177 
298 
839 
708 
886 
283 
593 
303 
776 
315 
212 
851 
483 
121 
396 
682 
274 
574 
807 
24 
100 
826 
77 
656 
693 
863 
591 
850 
209 
811 
874 
460 
784 
875 
453 
843 
822 
975 
738 
239 
893 
626 
491 
107 
258 
351 
809 
380 
362 
342 
425 
374 
520 
312 
136 
917 
176 
658 
1 
914 
323 
489 
110 
293 
938 
925 
112 
74 
14 
742 
640 
652 
733 
667 
326 
791 
540 
346 
611 
741 
230 
515 
184 
672 
477 
33 
827 
519 
235 
397 
174 
186 
276 
132 
334 
506 
680 
205 
556 
431 
790 
690 
325 
441 
649 
655 
842 
592 
43 
538 
955 
764 
895 
420 
983 
354 
164 
780 
170 
340 
859 
379 
854 
694 
621 
767 
772 
966 
976 
220 
16 
135 
17 
42 
141 
646 
766 
192 
642 
282 
308 
317 
691 
448 
569 
959 
639 
734 
748 
948 
971 
989 
56 
122 
